<?xml version="1.0" encoding="UTF-8"?>
<!-- Generated by org.testng.reporters.JUnitReportReporter -->
<testsuite skipped="0" hostname="LP-PC0MQFYK" name="SeleniumTest.Displayed_Enabled_Selected_Method" tests="1" failures="0" timestamp="07 Jul 2018 08:50:57 GMT" time="41.918" errors="0">
  <testcase name="f" time="41.918" classname="SeleniumTest.Displayed_Enabled_Selected_Method"/>
</testsuite> <!-- SeleniumTest.Displayed_Enabled_Selected_Method -->
