<?xml version="1.0" encoding="UTF-8"?>
<!-- Generated by org.testng.reporters.JUnitReportReporter -->
<testsuite skipped="0" hostname="LP-PC0MQFYK" name="SeleniumTest.Keyborad_Handling" tests="1" failures="0" timestamp="24 Jul 2018 09:53:23 GMT" time="70.079" errors="0">
  <testcase name="f" time="70.079" classname="SeleniumTest.Keyborad_Handling"/>
</testsuite> <!-- SeleniumTest.Keyborad_Handling -->
