<?xml version="1.0" encoding="UTF-8"?>
<!-- Generated by org.testng.reporters.JUnitReportReporter -->
<testsuite skipped="0" hostname="LP-PC0MQFYK" name="SeleniumTest.FindElementVSFindElements" tests="1" failures="0" timestamp="09 Jul 2018 07:48:33 GMT" time="17.225" errors="0">
  <testcase name="f" time="17.225" classname="SeleniumTest.FindElementVSFindElements"/>
</testsuite> <!-- SeleniumTest.FindElementVSFindElements -->
