<?xml version="1.0" encoding="UTF-8"?>
<!-- Generated by org.testng.reporters.JUnitReportReporter -->
<testsuite skipped="0" hostname="LP-PC0MQFYK" name="SeleniumTest.TakeScreenshot" tests="1" failures="0" timestamp="17 Jul 2018 14:56:18 GMT" time="23.025" errors="0">
  <testcase name="f" time="23.025" classname="SeleniumTest.TakeScreenshot"/>
</testsuite> <!-- SeleniumTest.TakeScreenshot -->
