<?xml version="1.0" encoding="UTF-8"?>
<!-- Generated by org.testng.reporters.JUnitReportReporter -->
<testsuite skipped="0" hostname="LP-PC0MQFYK" name="SeleniumTest.HandleMultipleWindow" tests="1" failures="0" timestamp="14 Jul 2018 19:12:13 GMT" time="39.193" errors="0">
  <testcase name="f" time="39.193" classname="SeleniumTest.HandleMultipleWindow"/>
</testsuite> <!-- SeleniumTest.HandleMultipleWindow -->
