<?xml version="1.0" encoding="UTF-8"?>
<!-- Generated by org.testng.reporters.JUnitReportReporter -->
<testsuite skipped="0" hostname="LP-PC0MQFYK" name="SeleniumTest.Headless_browser" tests="1" failures="0" timestamp="25 Jul 2018 04:56:47 GMT" time="13.156" errors="0">
  <testcase name="headless_browser" time="13.156" classname="SeleniumTest.Headless_browser"/>
</testsuite> <!-- SeleniumTest.Headless_browser -->
